[12:02:49] [Server thread/INFO]: Starting minecraft server version 1.7.10
[12:02:59] [Server thread/INFO]: Loading properties
[12:02:59] [Server thread/INFO]: Default game type: SURVIVAL
[12:02:59] [Server thread/INFO]: Generating keypair
[12:02:59] [Server thread/INFO]: Starting Minecraft server on *:25565
[12:03:01] [Server thread/INFO]: Preparing level "world"
[12:03:02] [Server thread/INFO]: Preparing start region for level 0
[12:03:03] [Server thread/INFO]: Preparing spawn area: 1%
[12:03:04] [Server thread/INFO]: Preparing spawn area: 72%
[12:03:05] [Server thread/INFO]: Done (3,875s)! For help, type "help" or "?"
[12:03:29] [Server thread/INFO]: Unknown command. Try /help for a list of commands
[12:03:32] [Server thread/INFO]: --- Showing help page 1 of 7 (/help <page>) ---
[12:03:32] [Server thread/INFO]: /achievement give <stat_name> [player]
[12:03:32] [Server thread/INFO]: /ban <name> [reason ...]
[12:03:32] [Server thread/INFO]: /ban-ip <address|name> [reason ...]
[12:03:32] [Server thread/INFO]: /banlist [ips|players]
[12:03:32] [Server thread/INFO]: /clear <player> [item] [data]
[12:03:32] [Server thread/INFO]: /debug <start|stop>
[12:03:32] [Server thread/INFO]: /defaultgamemode <mode>
[12:03:34] [Server thread/INFO]: Unknown command. Try /help for a list of commands
[12:03:35] [Server thread/INFO]: Unknown command. Try /help for a list of commands
[12:03:36] [Server thread/INFO]: Unknown command. Try /help for a list of commands
